{
  "RSpec": {
    "coverage": {
      "/Users/lorrainephillips/Projects/BankChallenge/spec/bank_account_spec.rb": [
        1,
        1,
        4,
        null,
        1,
        1,
        null,
        null,
        1,
        1,
        1,
        null,
        null,
        1,
        1,
        1,
        null,
        null,
        null
      ],
      "/Users/lorrainephillips/Projects/BankChallenge/lib/bank_account.rb": [
        1,
        1,
        null,
        1,
        3,
        null,
        null,
        1,
        1,
        null,
        null,
        1,
        1,
        null,
        null
      ]
    },
    "timestamp": 1526899726
  }
}
