{
  "RSpec": {
    "coverage": {
      "/Users/lorrainephillips/Projects/BankChallenge/spec/bank_account_spec.rb": [
        1,
        1,
        11,
        null,
        1,
        1,
        null,
        null,
        1,
        1,
        null,
        null,
        1,
        4,
        null,
        null,
        1,
        4,
        null,
        null,
        1,
        1,
        null,
        null,
        1,
        1,
        1,
        null,
        null,
        null,
        null,
        null,
        1,
        1,
        1,
        null,
        null,
        null,
        1,
        1,
        1,
        1,
        1,
        1,
        null,
        null,
        null,
        null,
        null,
        null,
        1,
        1,
        2,
        null,
        null,
        1,
        4,
        null,
        null,
        null
      ],
      "/Users/lorrainephillips/Projects/BankChallenge/lib/bank_account.rb": [
        1,
        1,
        null,
        1,
        1,
        1,
        null,
        1,
        1,
        null,
        1,
        10,
        10,
        10,
        null,
        null,
        1,
        4,
        4,
        null,
        null,
        1,
        4,
        3,
        3,
        null,
        null,
        1,
        null,
        1,
        7,
        null,
        null,
        null,
        null,
        null,
        1,
        4,
        null,
        null
      ],
      "/Users/lorrainephillips/Projects/BankChallenge/lib/printer.rb": [
        1,
        1,
        1,
        null,
        null,
        null,
        1,
        1,
        null,
        null
      ],
      "/Users/lorrainephillips/Projects/BankChallenge/lib/statement.rb": [
        1,
        1,
        null,
        1,
        1,
        null,
        1,
        1,
        null,
        null,
        1,
        null,
        1,
        4,
        null,
        null
      ],
      "/Users/lorrainephillips/Projects/BankChallenge/spec/statement_spec.rb": [
        1,
        1,
        1,
        null,
        null,
        null
      ]
    },
    "timestamp": 1527021912
  }
}
